1496242608(Wed May 31 07:56 2017): Umeda, Takato(Tom) = takato@pacbell.net
1496295761(Wed May 31 22:42 2017): Umeda, Takato(Tom) = takato@pacbell.net
1496295797(Wed May 31 22:43 2017): Umeda, Takato(Tom) = takato@pacbell.net
1496295821(Wed May 31 22:43 2017): Umeda, Takato(Tom) = takato@pacbell.net
1496295844(Wed May 31 22:44 2017): Umeda, Takato(Tom) = takato@pacbell.net
1496295992(Wed May 31 22:46 2017): Umeda, Takato(Tom) = takato@pacbell.net
1496296035(Wed May 31 22:47 2017): Umeda, Takato(Tom) = takato@pacbell.net
1496296065(Wed May 31 22:47 2017): Umeda, Takato(Tom) = takato@pacbell.net
1496296101(Wed May 31 22:48 2017): Umeda, Takato(Tom) = takato@pacbell.net
1496296159(Wed May 31 22:49 2017): Umeda, Takato(Tom) = takato@pacbell.net
1496296242(Wed May 31 22:50 2017): Umeda, Takato(Tom) = takato@pacbell.net
1496296287(Wed May 31 22:51 2017): Umeda, Takato(Tom) = takato@pacbell.net
1496296399(Wed May 31 22:53 2017): Umeda, Takato(Tom) = takato@pacbell.net
1496296421(Wed May 31 22:53 2017): Umeda, Takato(Tom) = takato@pacbell.net
1496296543(Wed May 31 22:55 2017): Umeda, Takato(Tom) = takato@pacbell.net
1496297372(Wed May 31 23:09 2017): Umeda, Takato(Tom) = takato@pacbell.net
1496297846(Wed May 31 23:17 2017): Umeda, Takato(Tom) = takato@pacbell.net
1496297977(Wed May 31 23:19 2017): Umeda, Takato(Tom) = takato@pacbell.net
1496298192(Wed May 31 23:23 2017): Umeda, Takato(Tom) = takato@pacbell.net
1496298339(Wed May 31 23:25 2017): Umeda, Takato(Tom) = takato@pacbell.net
1496298517(Wed May 31 23:28 2017): Umeda, Takato(Tom) = takato@pacbell.net
1496298605(Wed May 31 23:30 2017): Umeda, Takato(Tom) = takato@pacbell.net
1496298746(Wed May 31 23:32 2017): Umeda, Takato(Tom) = takato@pacbell.net
1496299104(Wed May 31 23:38 2017): Umeda, Takato(Tom) = takato@pacbell.net
1496299227(Wed May 31 23:40 2017): Umeda, Takato(Tom) = takato@pacbell.net
1496299759(Wed May 31 23:49 2017): Umeda, Takato(Tom) = takato@pacbell.net
1496300175(Wed May 31 23:56 2017): Umeda, Takato(Tom) = takato@pacbell.net
1496300276(Wed May 31 23:57 2017): Umeda, Takato(Tom) = takato@pacbell.net
1496331248(Thu Jun  1 08:34 2017): Umeda, Takato(Tom) = takato@pacbell.net
1496331337(Thu Jun  1 08:35 2017): Umeda, Takato(Tom) = takato@pacbell.net
1527878902(Fri Jun  1 11:48 2018): Umeda, Takato(Tom) = takato@pacbell.net
1532972972(Mon Jul 30 10:49 2018): Umeda, Takato(Tom) = takato@pacbell.net
1537289375(Tue Sep 18 09:49 2018): Umeda, Takato(Tom) = takato@pacbell.net
1545499175(Sat Dec 22 09:19 2018): Umeda, Takato(Tom) = takato@pacbell.net
1585761538(Wed Apr  1 10:18 2020): Umeda, Takato(Tom) = takato@sonic.net
1585763294(Wed Apr  1 10:48 2020): Umeda, Takato(Tom) = takato@sonic.net
1585763494(Wed Apr  1 10:51 2020): Lama, Phulam = joanseear@yahoo.com
1585763494(Wed Apr  1 10:51 2020): Fraker, Harrison = fraker@berkeley.edu
1585763494(Wed Apr  1 10:51 2020): Gardiser, Harry = hargard@aol.com
1585763494(Wed Apr  1 10:51 2020): Gardiser, Marian = margardis@aol.com
1585763494(Wed Apr  1 10:51 2020): Gillespie, Michael = mgillespie21@yahoo.com
1585763494(Wed Apr  1 10:51 2020): Gillespie, Nicola = ngillespie26@gmail.com
1585763494(Wed Apr  1 10:51 2020): Goodhue, Rachael = goodhue@primal.ucdavis.edu
1585763494(Wed Apr  1 10:51 2020): Hansen, Hillary = hansen.hillary@yahoo.com
1585763494(Wed Apr  1 10:51 2020): Titus, Lisa = titusmcdonnell@gmail.com
1585763494(Wed Apr  1 10:51 2020): Hara, Carmel = carmelhara1@pacbell.net
1585763494(Wed Apr  1 10:51 2020): Holden-Gurin, Tamara = t_gurin@yahoo.com
1585763494(Wed Apr  1 10:51 2020): Huang, Crystal = crystalhg@gmail.com
1585763494(Wed Apr  1 10:51 2020): Isen, Richard = risen@clearsong.com
1585763494(Wed Apr  1 10:51 2020): Isen, Carol = cisen@clearsong.com
1585763494(Wed Apr  1 10:51 2020): Jackson, Robert = edie@sophocles.com
1585763494(Wed Apr  1 10:51 2020): King, Kenton (Ken) = kentonking@yahoo.com
1585763494(Wed Apr  1 10:51 2020): Streiff, Madeline = m.streiff@yahoo.com
1585763494(Wed Apr  1 10:51 2020): King, Kuniko = kunikoking@yahoo.com
1585763494(Wed Apr  1 10:51 2020): Landry, Derik = dclandry@yahoo.com
1585763494(Wed Apr  1 10:51 2020): Lewis, John = jrl94116@yahoo.com
1585763494(Wed Apr  1 10:51 2020): Lodberg, Pia = plodberg@yahoo.com
1585763494(Wed Apr  1 10:51 2020): Londerville, Susan = suelonderville@att.net
1585763494(Wed Apr  1 10:51 2020): Lundburg, Barbara = barbara@rhaa.com
1585763494(Wed Apr  1 10:51 2020): Brunner, Wendel = wendel.brunner@gmail.com
1585763494(Wed Apr  1 10:51 2020): Miller, Dan = dan@forca.com
1585763494(Wed Apr  1 10:51 2020): Murlas, Christopher = cmurlas@yahoo.com
1585763494(Wed Apr  1 10:51 2020): Murphy, Gregory = GregM@JFCS.ORG
1585763494(Wed Apr  1 10:51 2020): Ormsby, Larry = ormsbysl@comcast.net
1585763494(Wed Apr  1 10:51 2020): Ormsby, Sachiko = ormsbysl@comcast.net
1585763494(Wed Apr  1 10:51 2020): Owens, Jimmy = jimmy-owens@pacbell.net
1585763494(Wed Apr  1 10:51 2020): Parker, Ann = annparker@comcast.net
1585763494(Wed Apr  1 10:51 2020): Parker, Michael = mlparker1@comcast.net
1585763494(Wed Apr  1 10:51 2020): Peterson, Suzi = suziandalan@gmail.com
1585763494(Wed Apr  1 10:51 2020): Rife, Shane = smrife@gmail.com
1585763494(Wed Apr  1 10:51 2020): Rutenberg, Taly = talyberg@aol.com
1585763494(Wed Apr  1 10:51 2020): Schlesinger, Victoria = victoria.schles@gmail.com
1585763494(Wed Apr  1 10:51 2020): Sharp, Jim = itsa@lmi.net
1585763494(Wed Apr  1 10:51 2020): Snow, Todd = makjts@msn.com
1585763494(Wed Apr  1 10:51 2020): Streiff, Zachary = zachalans@gmail.com
1585763494(Wed Apr  1 10:51 2020): Umeda, Torben = torben@yahoo.com
1585763494(Wed Apr  1 10:51 2020): Van Ouytsel, Roger = rogervo@sonic.net
1585763494(Wed Apr  1 10:51 2020): Wang-sang, Koon = koon@cds.caltech.edu
1585763494(Wed Apr  1 10:51 2020): Dundes, Lauren = ldundes@mcdaniel.edu
1585763494(Wed Apr  1 10:51 2020): Hall, Bill = bill@wlhall.net
1585763494(Wed Apr  1 10:51 2020): Simon, Donna = donna@dmsimon.com
1585763494(Wed Apr  1 10:51 2020): Dunsky, Sara = sara.dunsky@gmail.com
1585763494(Wed Apr  1 10:51 2020): Ehrlich, John = jehrlich2315@gmail.com
1585763494(Wed Apr  1 10:51 2020): Franco, Jenny = jenfranco@gmail.com
1585763494(Wed Apr  1 10:51 2020): Yokoi, Stephen = syokol2@pacbell.net
1585763494(Wed Apr  1 10:51 2020): Miu, Kenneth = kenmiu2010@gmail.com
1585763494(Wed Apr  1 10:51 2020): Sklar, Hillary = Hsklar95@gmail.com
1585763494(Wed Apr  1 10:51 2020): Rossetto, Louis = louis@forca.com
1585763494(Wed Apr  1 10:51 2020): Haffner, Stephanie = shaffner@igc.org
1585763494(Wed Apr  1 10:51 2020): McDonnell, Mike = titusmcdonnell@gmail.com
1585763494(Wed Apr  1 10:51 2020): Wan, Jessica = spotlight@gmail.com
1585763494(Wed Apr  1 10:51 2020): Clemency, Mary = m6clem@gmail.com
1585763494(Wed Apr  1 10:51 2020): Metcalfe, Jane = jane@forca.com
1585763494(Wed Apr  1 10:51 2020): DeNero, Henry = htdenero@gmail.com
1585763494(Wed Apr  1 10:51 2020): Dasgupta, Shamik = shamik@shamik.net
1585763494(Wed Apr  1 10:51 2020): Abt, Emily = shamik@shamik.net
1585763494(Wed Apr  1 10:51 2020): Chew Spence, Matt = chewspence@yahoo.com
1585763494(Wed Apr  1 10:51 2020): Crooks, Arlene = arapena@hush.com
1585763494(Wed Apr  1 10:51 2020): Medak, Susie = smedak@sbcglobal.net
1585763494(Wed Apr  1 10:51 2020): Carroll, Kenneth = Kejaca@verizon.net
1585763494(Wed Apr  1 10:51 2020): Zorrilla, Carlos = Czorrilla1@gmail.com
1585763494(Wed Apr  1 10:51 2020): DeNero, Nancy = nsdenero@mac.com
1585763494(Wed Apr  1 10:51 2020): Olsen, Valorie = valorieo@earthlink.net
1585763494(Wed Apr  1 10:51 2020): Wong, Marilyn = marilyn.p.wong@gmail.com
1585763494(Wed Apr  1 10:51 2020): McKee, Suzanne = suzannemckee4@gmail.com
1585763494(Wed Apr  1 10:51 2020): Stonier, Linda = lindajstonier@gmail.com
1585763494(Wed Apr  1 10:51 2020): Sher, Alan = suziandalan@gmail.com
1585763494(Wed Apr  1 10:51 2020): Simon, Leo = leosimon@berkeley.edu
1585763494(Wed Apr  1 10:51 2020): Schlesinger, Sandra = sandra.schles@gmail.com
1585763494(Wed Apr  1 10:51 2020): Block, Gladys = gblock@berkeley.edu
1585763494(Wed Apr  1 10:51 2020): Baum, Amelia = amelia.baum@berkeley.edu
1585763494(Wed Apr  1 10:51 2020): Segal, Fran = seagull@sonic.net
1585763494(Wed Apr  1 10:51 2020): Zentner, Jenny = jennyzentner@mac.com
1585763494(Wed Apr  1 10:51 2020): Rosenthal, David = evayarmo@gmail.com
1585763494(Wed Apr  1 10:51 2020): Trippe, Tom = trippe321@gmail.com
1585763494(Wed Apr  1 10:51 2020): Dixon, Leslie = lesliebdixon@gmail.com
1585763494(Wed Apr  1 10:51 2020): McKee, Chris = cmckee@astro.berkeley.edu
1585763494(Wed Apr  1 10:51 2020): Yarmo, Eva = evayarmo@gmail.com
1585763494(Wed Apr  1 10:51 2020): Thompson, Daniella = dt@daniellathompson.com
1585763494(Wed Apr  1 10:51 2020): Leinbach, Hannah (Mimi) = mimi@schork.com
1585763494(Wed Apr  1 10:51 2020): Wallace, Jo Anne = jo.anne.wallace.sf@gmail.com
1585763494(Wed Apr  1 10:51 2020): O'Gillooly, Patricia = patog@comcast.net
1585763494(Wed Apr  1 10:51 2020): Umeda, Takato(Tom) = takato@sonic.net
1585763494(Wed Apr  1 10:51 2020): Burgess, Yvonne = ymburgess@gmail.com
1585763494(Wed Apr  1 10:51 2020): Li, Stacy = stacysmkl@gmail.com
1585763494(Wed Apr  1 10:51 2020): Ropelewski, Tom = tomropelewski@gmail.com
1585763494(Wed Apr  1 10:51 2020): Shweh, Peter = pshweh@gmail.com
1585763494(Wed Apr  1 10:51 2020): Petiet, Carole = carolepetiet@gmail.com
1585763494(Wed Apr  1 10:51 2020): Signaigo, Susan = susansignaigo@gmail.com
1585763494(Wed Apr  1 10:51 2020): Rosen, Ruth = ruthrosen3@gmail.com
1585763494(Wed Apr  1 10:51 2020): Foote, Alexandra = afootelaw@gmail.com
1585763494(Wed Apr  1 10:51 2020): Kaderadli, Rehana = krehana@gmail.com
1585763494(Wed Apr  1 10:51 2020): Sale, Logan = loganofsale@gmail.com
1585763494(Wed Apr  1 10:51 2020): Zilinskas, Alex = alexzilinskas@gmail.com
1585763494(Wed Apr  1 10:51 2020): Schmidt, Laura = Laura.Schmidt@ucsf.edu
1585763494(Wed Apr  1 10:51 2020): Moore, Colin = cmoorex@comcast.net
1585763494(Wed Apr  1 10:51 2020): Robitscher, Jan = jbrobit@aol.com
1585763494(Wed Apr  1 10:51 2020): Adams, Jane = janehadams@gmail.com
1585763494(Wed Apr  1 10:51 2020): Adams, Chris = cjadamsmail@sbcglobal.net
1585763494(Wed Apr  1 10:51 2020): Barschi, Edith (Edie) = edie@sophocles.com
1585763494(Wed Apr  1 10:51 2020): ben Izzy, Joel = joel@storypage.com
1585763494(Wed Apr  1 10:51 2020): Berg, Kirsten = kirstenberg@yahoo.com
1585763494(Wed Apr  1 10:51 2020): Berger, Anna = fokcal@aol.com
1585763494(Wed Apr  1 10:51 2020): Block, Cliff = clifbus@aol.com
1585763494(Wed Apr  1 10:51 2020): Borowiak, Barbara = bgborowiak@gmail.com
1585763494(Wed Apr  1 10:51 2020): Breen, Cate = braisedlamb@yahoo.com
1585763494(Wed Apr  1 10:51 2020): Casida, John = kefi328@sbcglobal.net
1585763494(Wed Apr  1 10:51 2020): Casida, Kati = kefi328@sbcglobal.net
1585763494(Wed Apr  1 10:51 2020): Colella, Phillip = PColella@lbl.gov
1585763494(Wed Apr  1 10:51 2020): Colt, Liz = elizabethcolt@att.net
1585763494(Wed Apr  1 10:51 2020): DeNero, John = papajohn@gmail.com
1585763494(Wed Apr  1 10:51 2020): deVries, Jan = devries@berkeley.edu
1585763494(Wed Apr  1 10:51 2020): Fraker, Molly = mollyf@onemain.com
1585763494(Wed Apr  1 10:51 2020): deVries, Jeannie = jggdevries@gmail.com
1585763494(Wed Apr  1 10:51 2020): Edginton, Jane = jedginton@edg-law.com
1585763494(Wed Apr  1 10:51 2020): Evans, Mali = mali@lmi.net
1585763494(Wed Apr  1 10:51 2020): Evans, Rex = trex12001@yahoo.com
1585763494(Wed Apr  1 10:51 2020): Fletcher, Daniel = fletch@uclink.berkeley.edu
